<?xml version="1.0" encoding="UTF-8"?>
<testsuite name="edu.jsu.mcis.TicTacToeTest" tests="14" skipped="0" failures="0" errors="0" timestamp="2016-02-01T02:34:46" hostname="AdamsPC" time="0.4">
  <properties/>
  <testcase name="testGameIsCurrentlyInProgressAfterInitialization" classname="edu.jsu.mcis.TicTacToeTest" time="0.292"/>
  <testcase name="testXIsBeginningPlayer" classname="edu.jsu.mcis.TicTacToeTest" time="0.002"/>
  <testcase name="testGameIsOverByTieIfAllLocationsAreFilled" classname="edu.jsu.mcis.TicTacToeTest" time="0.016"/>
  <testcase name="testOWinsVerticallyAcrossMiddle" classname="edu.jsu.mcis.TicTacToeTest" time="0.0"/>
  <testcase name="testGameIsWonByXHorizontallyAcrossTopRow" classname="edu.jsu.mcis.TicTacToeTest" time="0.015"/>
  <testcase name="testXWinsReverseDiagnally" classname="edu.jsu.mcis.TicTacToeTest" time="0.0"/>
  <testcase name="testMarkXInUpperRightCorner" classname="edu.jsu.mcis.TicTacToeTest" time="0.016"/>
  <testcase name="testXWinsDiagnally" classname="edu.jsu.mcis.TicTacToeTest" time="0.0"/>
  <testcase name="testMarkOInBottomLeftCorner" classname="edu.jsu.mcis.TicTacToeTest" time="0.015"/>
  <testcase name="testOWinsDiagnally" classname="edu.jsu.mcis.TicTacToeTest" time="0.016"/>
  <testcase name="testOWinsBottomHorizontal" classname="edu.jsu.mcis.TicTacToeTest" time="0.0"/>
  <testcase name="testInitialBoardIsEmpty" classname="edu.jsu.mcis.TicTacToeTest" time="0.0"/>
  <testcase name="testGameIsNotOverAfterTheFirstMark" classname="edu.jsu.mcis.TicTacToeTest" time="0.021"/>
  <testcase name="testUnableToMarkOverExistingMark" classname="edu.jsu.mcis.TicTacToeTest" time="0.005"/>
  <system-out><![CDATA[]]></system-out>
  <system-err><![CDATA[]]></system-err>
</testsuite>
